{"D:\\El Kashif\\External Work\\El Forkan Institute\\frontend\\app\\src\\app\\App.tsx": {"path":"D:\\El Kashif\\External Work\\El Forkan Institute\\frontend\\app\\src\\app\\App.tsx","statementMap":{"0":{"start":{"line":21,"column":27},"end":{"line":21,"column":null}},"1":{"start":{"line":21,"column":54},"end":{"line":21,"column":72}},"2":{"start":{"line":22,"column":28},"end":{"line":22,"column":null}},"3":{"start":{"line":22,"column":55},"end":{"line":22,"column":72}},"4":{"start":{"line":24,"column":2},"end":{"line":50,"column":null}},"5":{"start":{"line":36,"column":18},"end":{"line":36,"column":null}},"6":{"start":{"line":40,"column":20},"end":{"line":40,"column":null}}},"fnMap":{"0":{"name":"App","decl":{"start":{"line":20,"column":16},"end":{"line":20,"column":20}},"loc":{"start":{"line":20,"column":64},"end":{"line":52,"column":null}},"line":20},"1":{"name":"(anonymous_1)","decl":{"start":{"line":21,"column":40},"end":{"line":21,"column":48}},"loc":{"start":{"line":21,"column":54},"end":{"line":21,"column":72}},"line":21},"2":{"name":"(anonymous_2)","decl":{"start":{"line":22,"column":41},"end":{"line":22,"column":49}},"loc":{"start":{"line":22,"column":55},"end":{"line":22,"column":72}},"line":22},"3":{"name":"(anonymous_3)","decl":{"start":{"line":35,"column":34},"end":{"line":35,"column":39}},"loc":{"start":{"line":36,"column":18},"end":{"line":36,"column":null}},"line":36},"4":{"name":"(anonymous_4)","decl":{"start":{"line":39,"column":37},"end":{"line":39,"column":42}},"loc":{"start":{"line":40,"column":20},"end":{"line":40,"column":null}},"line":40}},"branchMap":{"0":{"loc":{"start":{"line":31,"column":13},"end":{"line":31,"column":null}},"type":"cond-expr","locations":[{"start":{"line":31,"column":35},"end":{"line":31,"column":null}},{"start":{"line":31,"column":85},"end":{"line":31,"column":null}}],"line":31}},"s":{"0":4,"1":28,"2":4,"3":28,"4":4,"5":16,"6":12},"f":{"0":4,"1":28,"2":28,"3":16,"4":12},"b":{"0":[4,0]},"meta":{"lastBranch":1,"lastFunction":5,"lastStatement":7,"seen":{"f:20:16:20:20":0,"s:21:27:21:Infinity":0,"f:21:40:21:48":1,"s:21:54:21:72":1,"s:22:28:22:Infinity":2,"f:22:41:22:49":2,"s:22:55:22:72":3,"s:24:2:50:Infinity":4,"b:31:35:31:Infinity:31:85:31:Infinity":0,"f:35:34:35:39":3,"s:36:18:36:Infinity":5,"f:39:37:39:42":4,"s:40:20:40:Infinity":6},"fnNames":{}}}
,"D:\\El Kashif\\External Work\\El Forkan Institute\\frontend\\app\\src\\app\\shell\\AppShell.tsx": {"path":"D:\\El Kashif\\External Work\\El Forkan Institute\\frontend\\app\\src\\app\\shell\\AppShell.tsx","statementMap":{"0":{"start":{"line":16,"column":16},"end":{"line":16,"column":31}},"1":{"start":{"line":17,"column":28},"end":{"line":17,"column":36}},"2":{"start":{"line":18,"column":19},"end":{"line":18,"column":31}},"3":{"start":{"line":19,"column":23},"end":{"line":19,"column":35}},"4":{"start":{"line":20,"column":38},"end":{"line":20,"column":null}},"5":{"start":{"line":22,"column":17},"end":{"line":22,"column":null}},"6":{"start":{"line":25,"column":15},"end":{"line":25,"column":null}},"7":{"start":{"line":27,"column":27},"end":{"line":33,"column":null}},"8":{"start":{"line":27,"column":62},"end":{"line":33,"column":4}},"9":{"start":{"line":36,"column":19},"end":{"line":36,"column":null}},"10":{"start":{"line":36,"column":54},"end":{"line":36,"column":77}},"11":{"start":{"line":37,"column":4},"end":{"line":37,"column":null}},"12":{"start":{"line":37,"column":16},"end":{"line":37,"column":null}},"13":{"start":{"line":41,"column":4},"end":{"line":41,"column":null}},"14":{"start":{"line":42,"column":4},"end":{"line":46,"column":null}},"15":{"start":{"line":43,"column":6},"end":{"line":43,"column":null}},"16":{"start":{"line":45,"column":6},"end":{"line":45,"column":null}},"17":{"start":{"line":49,"column":2},"end":{"line":75,"column":null}}},"fnMap":{"0":{"name":"AppShell","decl":{"start":{"line":15,"column":16},"end":{"line":15,"column":27}},"loc":{"start":{"line":15,"column":27},"end":{"line":77,"column":null}},"line":15},"1":{"name":"(anonymous_1)","decl":{"start":{"line":27,"column":40},"end":{"line":27,"column":45}},"loc":{"start":{"line":27,"column":62},"end":{"line":33,"column":4}},"line":27},"2":{"name":"handleSelect","decl":{"start":{"line":35,"column":11},"end":{"line":35,"column":24}},"loc":{"start":{"line":35,"column":37},"end":{"line":38,"column":null}},"line":35},"3":{"name":"(anonymous_3)","decl":{"start":{"line":36,"column":32},"end":{"line":36,"column":38}},"loc":{"start":{"line":36,"column":54},"end":{"line":36,"column":77}},"line":36},"4":{"name":"handleSignOut","decl":{"start":{"line":40,"column":17},"end":{"line":40,"column":33}},"loc":{"start":{"line":40,"column":33},"end":{"line":47,"column":null}},"line":40}},"branchMap":{"0":{"loc":{"start":{"line":25,"column":15},"end":{"line":25,"column":null}},"type":"binary-expr","locations":[{"start":{"line":25,"column":15},"end":{"line":25,"column":29}},{"start":{"line":25,"column":29},"end":{"line":25,"column":null}}],"line":25},"1":{"loc":{"start":{"line":37,"column":4},"end":{"line":37,"column":null}},"type":"if","locations":[{"start":{"line":37,"column":4},"end":{"line":37,"column":null}},{"start":{},"end":{}}],"line":37},"2":{"loc":{"start":{"line":56,"column":16},"end":{"line":56,"column":null}},"type":"cond-expr","locations":[{"start":{"line":56,"column":23},"end":{"line":56,"column":66}},{"start":{"line":56,"column":66},"end":{"line":56,"column":null}}],"line":56}},"s":{"0":3,"1":3,"2":3,"3":3,"4":3,"5":3,"6":3,"7":3,"8":21,"9":0,"10":0,"11":0,"12":0,"13":0,"14":0,"15":0,"16":0,"17":3},"f":{"0":3,"1":21,"2":0,"3":0,"4":0},"b":{"0":[3,0],"1":[0,0],"2":[3,0]},"meta":{"lastBranch":3,"lastFunction":5,"lastStatement":18,"seen":{"f:15:16:15:27":0,"s:16:16:16:31":0,"s:17:28:17:36":1,"s:18:19:18:31":2,"s:19:23:19:35":3,"s:20:38:20:Infinity":4,"s:22:17:22:Infinity":5,"s:25:15:25:Infinity":6,"b:25:15:25:29:25:29:25:Infinity":0,"s:27:27:33:Infinity":7,"f:27:40:27:45":1,"s:27:62:33:4":8,"f:35:11:35:24":2,"s:36:19:36:Infinity":9,"f:36:32:36:38":3,"s:36:54:36:77":10,"b:37:4:37:Infinity:undefined:undefined:undefined:undefined":1,"s:37:4:37:Infinity":11,"s:37:16:37:Infinity":12,"f:40:17:40:33":4,"s:41:4:41:Infinity":13,"s:42:4:46:Infinity":14,"s:43:6:43:Infinity":15,"s:45:6:45:Infinity":16,"s:49:2:75:Infinity":17,"b:56:23:56:66:56:66:56:Infinity":2},"fnNames":{}}}
,"D:\\El Kashif\\External Work\\El Forkan Institute\\frontend\\app\\src\\app\\shell\\SectionPlaceholder.tsx": {"path":"D:\\El Kashif\\External Work\\El Forkan Institute\\frontend\\app\\src\\app\\shell\\SectionPlaceholder.tsx","statementMap":{"0":{"start":{"line":13,"column":16},"end":{"line":13,"column":31}},"1":{"start":{"line":14,"column":23},"end":{"line":14,"column":35}},"2":{"start":{"line":15,"column":22},"end":{"line":15,"column":null}},"3":{"start":{"line":17,"column":2},"end":{"line":22,"column":null}}},"fnMap":{"0":{"name":"SectionPlaceholder","decl":{"start":{"line":12,"column":16},"end":{"line":12,"column":37}},"loc":{"start":{"line":12,"column":37},"end":{"line":24,"column":null}},"line":12}},"branchMap":{},"s":{"0":2,"1":2,"2":2,"3":2},"f":{"0":2},"b":{},"meta":{"lastBranch":0,"lastFunction":1,"lastStatement":4,"seen":{"f:12:16:12:37":0,"s:13:16:13:31":0,"s:14:23:14:35":1,"s:15:22:15:Infinity":2,"s:17:2:22:Infinity":3},"fnNames":{}}}
,"D:\\El Kashif\\External Work\\El Forkan Institute\\frontend\\app\\src\\app\\shell\\navigation.ts": {"path":"D:\\El Kashif\\External Work\\El Forkan Institute\\frontend\\app\\src\\app\\shell\\navigation.ts","statementMap":{"0":{"start":{"line":27,"column":46},"end":{"line":35,"column":null}},"1":{"start":{"line":44,"column":18},"end":{"line":46,"column":null}},"2":{"start":{"line":45,"column":4},"end":{"line":45,"column":null}},"3":{"start":{"line":47,"column":15},"end":{"line":47,"column":null}},"4":{"start":{"line":47,"column":43},"end":{"line":47,"column":72}},"5":{"start":{"line":48,"column":2},"end":{"line":48,"column":null}}},"fnMap":{"0":{"name":"activeDestination","decl":{"start":{"line":43,"column":16},"end":{"line":43,"column":34}},"loc":{"start":{"line":43,"column":68},"end":{"line":49,"column":null}},"line":43},"1":{"name":"(anonymous_1)","decl":{"start":{"line":44,"column":31},"end":{"line":44,"column":39}},"loc":{"start":{"line":45,"column":4},"end":{"line":45,"column":null}},"line":45},"2":{"name":"(anonymous_2)","decl":{"start":{"line":47,"column":28},"end":{"line":47,"column":34}},"loc":{"start":{"line":47,"column":43},"end":{"line":47,"column":72}},"line":47}},"branchMap":{"0":{"loc":{"start":{"line":45,"column":4},"end":{"line":45,"column":null}},"type":"cond-expr","locations":[{"start":{"line":45,"column":21},"end":{"line":45,"column":40}},{"start":{"line":45,"column":40},"end":{"line":45,"column":null}}],"line":45},"1":{"loc":{"start":{"line":48,"column":9},"end":{"line":48,"column":null}},"type":"binary-expr","locations":[{"start":{"line":48,"column":9},"end":{"line":48,"column":17}},{"start":{"line":48,"column":17},"end":{"line":48,"column":null}}],"line":48}},"s":{"0":1,"1":5,"2":35,"3":5,"4":0,"5":5},"f":{"0":5,"1":35,"2":0},"b":{"0":[5,30],"1":[5,0]},"meta":{"lastBranch":2,"lastFunction":3,"lastStatement":6,"seen":{"s:27:46:35:Infinity":0,"f:43:16:43:34":0,"s:44:18:46:Infinity":1,"f:44:31:44:39":1,"s:45:4:45:Infinity":2,"b:45:21:45:40:45:40:45:Infinity":0,"s:47:15:47:Infinity":3,"f:47:28:47:34":2,"s:47:43:47:72":4,"s:48:2:48:Infinity":5,"b:48:9:48:17:48:17:48:Infinity":1},"fnNames":{}}}
,"D:\\El Kashif\\External Work\\El Forkan Institute\\frontend\\app\\src\\features\\auth\\AuthProvider.tsx": {"path":"D:\\El Kashif\\External Work\\El Forkan Institute\\frontend\\app\\src\\features\\auth\\AuthProvider.tsx","statementMap":{"0":{"start":{"line":13,"column":19},"end":{"line":13,"column":32}},"1":{"start":{"line":14,"column":30},"end":{"line":14,"column":null}},"2":{"start":{"line":15,"column":26},"end":{"line":15,"column":null}},"3":{"start":{"line":25,"column":2},"end":{"line":40,"column":null}},"4":{"start":{"line":26,"column":20},"end":{"line":26,"column":null}},"5":{"start":{"line":28,"column":4},"end":{"line":35,"column":null}},"6":{"start":{"line":30,"column":19},"end":{"line":30,"column":23}},"7":{"start":{"line":32,"column":8},"end":{"line":32,"column":null}},"8":{"start":{"line":32,"column":23},"end":{"line":32,"column":null}},"9":{"start":{"line":33,"column":8},"end":{"line":33,"column":null}},"10":{"start":{"line":34,"column":8},"end":{"line":34,"column":null}},"11":{"start":{"line":37,"column":4},"end":{"line":39,"column":null}},"12":{"start":{"line":38,"column":6},"end":{"line":38,"column":null}},"13":{"start":{"line":42,"column":17},"end":{"line":49,"column":null}},"14":{"start":{"line":44,"column":23},"end":{"line":44,"column":null}},"15":{"start":{"line":45,"column":6},"end":{"line":45,"column":null}},"16":{"start":{"line":46,"column":6},"end":{"line":46,"column":null}},"17":{"start":{"line":51,"column":18},"end":{"line":55,"column":null}},"18":{"start":{"line":52,"column":4},"end":{"line":52,"column":null}},"19":{"start":{"line":53,"column":4},"end":{"line":53,"column":null}},"20":{"start":{"line":54,"column":4},"end":{"line":54,"column":null}},"21":{"start":{"line":57,"column":16},"end":{"line":60,"column":null}},"22":{"start":{"line":58,"column":11},"end":{"line":58,"column":null}},"23":{"start":{"line":62,"column":2},"end":{"line":62,"column":null}}},"fnMap":{"0":{"name":"AuthProvider","decl":{"start":{"line":12,"column":16},"end":{"line":12,"column":29}},"loc":{"start":{"line":12,"column":68},"end":{"line":63,"column":null}},"line":12},"1":{"name":"(anonymous_1)","decl":{"start":{"line":25,"column":2},"end":{"line":25,"column":18}},"loc":{"start":{"line":25,"column":18},"end":{"line":40,"column":5}},"line":25},"2":{"name":"(anonymous_2)","decl":{"start":{"line":30,"column":7},"end":{"line":30,"column":19}},"loc":{"start":{"line":30,"column":19},"end":{"line":30,"column":23}},"line":30},"3":{"name":"(anonymous_3)","decl":{"start":{"line":31,"column":7},"end":{"line":31,"column":13}},"loc":{"start":{"line":31,"column":26},"end":{"line":35,"column":7}},"line":31},"4":{"name":"(anonymous_4)","decl":{"start":{"line":37,"column":4},"end":{"line":37,"column":17}},"loc":{"start":{"line":37,"column":17},"end":{"line":39,"column":null}},"line":37},"5":{"name":"(anonymous_5)","decl":{"start":{"line":43,"column":4},"end":{"line":43,"column":11}},"loc":{"start":{"line":43,"column":40},"end":{"line":47,"column":null}},"line":43},"6":{"name":"(anonymous_6)","decl":{"start":{"line":51,"column":30},"end":{"line":51,"column":42}},"loc":{"start":{"line":51,"column":42},"end":{"line":55,"column":5}},"line":51},"7":{"name":"(anonymous_7)","decl":{"start":{"line":57,"column":16},"end":{"line":57,"column":null}},"loc":{"start":{"line":58,"column":11},"end":{"line":58,"column":null}},"line":58}},"branchMap":{"0":{"loc":{"start":{"line":32,"column":8},"end":{"line":32,"column":null}},"type":"if","locations":[{"start":{"line":32,"column":8},"end":{"line":32,"column":null}},{"start":{},"end":{}}],"line":32},"1":{"loc":{"start":{"line":34,"column":18},"end":{"line":34,"column":58}},"type":"cond-expr","locations":[{"start":{"line":34,"column":29},"end":{"line":34,"column":47}},{"start":{"line":34,"column":47},"end":{"line":34,"column":58}}],"line":34}},"s":{"0":11,"1":11,"2":11,"3":11,"4":4,"5":4,"6":0,"7":4,"8":0,"9":4,"10":4,"11":4,"12":4,"13":11,"14":4,"15":3,"16":3,"17":11,"18":0,"19":0,"20":0,"21":11,"22":11,"23":11},"f":{"0":11,"1":4,"2":0,"3":4,"4":4,"5":4,"6":0,"7":11},"b":{"0":[0,4],"1":[0,4]},"meta":{"lastBranch":2,"lastFunction":8,"lastStatement":24,"seen":{"f:12:16:12:29":0,"s:13:19:13:32":0,"s:14:30:14:Infinity":1,"s:15:26:15:Infinity":2,"s:25:2:40:Infinity":3,"f:25:2:25:18":1,"s:26:20:26:Infinity":4,"s:28:4:35:Infinity":5,"f:30:7:30:19":2,"s:30:19:30:23":6,"f:31:7:31:13":3,"b:32:8:32:Infinity:undefined:undefined:undefined:undefined":0,"s:32:8:32:Infinity":7,"s:32:23:32:Infinity":8,"s:33:8:33:Infinity":9,"s:34:8:34:Infinity":10,"b:34:29:34:47:34:47:34:58":1,"s:37:4:39:Infinity":11,"f:37:4:37:17":4,"s:38:6:38:Infinity":12,"s:42:17:49:Infinity":13,"f:43:4:43:11":5,"s:44:23:44:Infinity":14,"s:45:6:45:Infinity":15,"s:46:6:46:Infinity":16,"s:51:18:55:Infinity":17,"f:51:30:51:42":6,"s:52:4:52:Infinity":18,"s:53:4:53:Infinity":19,"s:54:4:54:Infinity":20,"s:57:16:60:Infinity":21,"f:57:16:57:Infinity":7,"s:58:11:58:Infinity":22,"s:62:2:62:Infinity":23},"fnNames":{}}}
,"D:\\El Kashif\\External Work\\El Forkan Institute\\frontend\\app\\src\\features\\auth\\ForbiddenPage.tsx": {"path":"D:\\El Kashif\\External Work\\El Forkan Institute\\frontend\\app\\src\\features\\auth\\ForbiddenPage.tsx","statementMap":{"0":{"start":{"line":10,"column":16},"end":{"line":10,"column":31}},"1":{"start":{"line":11,"column":19},"end":{"line":11,"column":31}},"2":{"start":{"line":13,"column":2},"end":{"line":25,"column":null}},"3":{"start":{"line":20,"column":63},"end":{"line":20,"column":null}}},"fnMap":{"0":{"name":"ForbiddenPage","decl":{"start":{"line":9,"column":16},"end":{"line":9,"column":32}},"loc":{"start":{"line":9,"column":32},"end":{"line":27,"column":null}},"line":9},"1":{"name":"(anonymous_1)","decl":{"start":{"line":20,"column":48},"end":{"line":20,"column":63}},"loc":{"start":{"line":20,"column":63},"end":{"line":20,"column":null}},"line":20}},"branchMap":{},"s":{"0":1,"1":1,"2":1,"3":0},"f":{"0":1,"1":0},"b":{},"meta":{"lastBranch":0,"lastFunction":2,"lastStatement":4,"seen":{"f:9:16:9:32":0,"s:10:16:10:31":0,"s:11:19:11:31":1,"s:13:2:25:Infinity":2,"f:20:48:20:63":1,"s:20:63:20:Infinity":3},"fnNames":{}}}
,"D:\\El Kashif\\External Work\\El Forkan Institute\\frontend\\app\\src\\features\\auth\\LoginPage.tsx": {"path":"D:\\El Kashif\\External Work\\El Forkan Institute\\frontend\\app\\src\\features\\auth\\LoginPage.tsx","statementMap":{"0":{"start":{"line":13,"column":16},"end":{"line":13,"column":31}},"1":{"start":{"line":14,"column":29},"end":{"line":14,"column":37}},"2":{"start":{"line":15,"column":19},"end":{"line":15,"column":31}},"3":{"start":{"line":16,"column":21},"end":{"line":16,"column":27}},"4":{"start":{"line":17,"column":21},"end":{"line":17,"column":27}},"5":{"start":{"line":19,"column":34},"end":{"line":19,"column":null}},"6":{"start":{"line":20,"column":34},"end":{"line":20,"column":null}},"7":{"start":{"line":21,"column":34},"end":{"line":21,"column":null}},"8":{"start":{"line":22,"column":38},"end":{"line":22,"column":null}},"9":{"start":{"line":24,"column":2},"end":{"line":27,"column":null}},"10":{"start":{"line":25,"column":18},"end":{"line":25,"column":null}},"11":{"start":{"line":26,"column":4},"end":{"line":26,"column":null}},"12":{"start":{"line":30,"column":4},"end":{"line":30,"column":null}},"13":{"start":{"line":31,"column":4},"end":{"line":31,"column":null}},"14":{"start":{"line":32,"column":4},"end":{"line":32,"column":null}},"15":{"start":{"line":33,"column":4},"end":{"line":39,"column":null}},"16":{"start":{"line":34,"column":6},"end":{"line":34,"column":null}},"17":{"start":{"line":36,"column":6},"end":{"line":36,"column":null}},"18":{"start":{"line":38,"column":6},"end":{"line":38,"column":null}},"19":{"start":{"line":42,"column":2},"end":{"line":91,"column":null}},"20":{"start":{"line":70,"column":31},"end":{"line":70,"column":null}},"21":{"start":{"line":82,"column":31},"end":{"line":82,"column":null}}},"fnMap":{"0":{"name":"LoginPage","decl":{"start":{"line":12,"column":16},"end":{"line":12,"column":28}},"loc":{"start":{"line":12,"column":28},"end":{"line":93,"column":null}},"line":12},"1":{"name":"handleSubmit","decl":{"start":{"line":29,"column":17},"end":{"line":29,"column":30}},"loc":{"start":{"line":29,"column":65},"end":{"line":40,"column":null}},"line":29},"2":{"name":"(anonymous_2)","decl":{"start":{"line":70,"column":14},"end":{"line":70,"column":25}},"loc":{"start":{"line":70,"column":31},"end":{"line":70,"column":null}},"line":70},"3":{"name":"(anonymous_3)","decl":{"start":{"line":82,"column":14},"end":{"line":82,"column":25}},"loc":{"start":{"line":82,"column":31},"end":{"line":82,"column":null}},"line":82}},"branchMap":{"0":{"loc":{"start":{"line":24,"column":2},"end":{"line":27,"column":null}},"type":"if","locations":[{"start":{"line":24,"column":2},"end":{"line":27,"column":null}},{"start":{},"end":{}}],"line":24},"1":{"loc":{"start":{"line":26,"column":25},"end":{"line":26,"column":38}},"type":"binary-expr","locations":[{"start":{"line":26,"column":25},"end":{"line":26,"column":33}},{"start":{"line":26,"column":33},"end":{"line":26,"column":38}}],"line":26},"2":{"loc":{"start":{"line":52,"column":9},"end":{"line":56,"column":null}},"type":"cond-expr","locations":[{"start":{"line":53,"column":10},"end":{"line":56,"column":null}},{"start":{"line":56,"column":12},"end":{"line":56,"column":null}}],"line":52},"3":{"loc":{"start":{"line":87,"column":13},"end":{"line":87,"column":null}},"type":"cond-expr","locations":[{"start":{"line":87,"column":26},"end":{"line":87,"column":55}},{"start":{"line":87,"column":55},"end":{"line":87,"column":null}}],"line":87}},"s":{"0":91,"1":91,"2":91,"3":91,"4":91,"5":91,"6":91,"7":91,"8":91,"9":91,"10":3,"11":3,"12":4,"13":4,"14":4,"15":4,"16":4,"17":1,"18":4,"19":88,"20":38,"21":41},"f":{"0":91,"1":4,"2":38,"3":41},"b":{"0":[3,88],"1":[3,0],"2":[1,87],"3":[4,84]},"meta":{"lastBranch":4,"lastFunction":4,"lastStatement":22,"seen":{"f:12:16:12:28":0,"s:13:16:13:31":0,"s:14:29:14:37":1,"s:15:19:15:31":2,"s:16:21:16:27":3,"s:17:21:17:27":4,"s:19:34:19:Infinity":5,"s:20:34:20:Infinity":6,"s:21:34:21:Infinity":7,"s:22:38:22:Infinity":8,"b:24:2:27:Infinity:undefined:undefined:undefined:undefined":0,"s:24:2:27:Infinity":9,"s:25:18:25:Infinity":10,"s:26:4:26:Infinity":11,"b:26:25:26:33:26:33:26:38":1,"f:29:17:29:30":1,"s:30:4:30:Infinity":12,"s:31:4:31:Infinity":13,"s:32:4:32:Infinity":14,"s:33:4:39:Infinity":15,"s:34:6:34:Infinity":16,"s:36:6:36:Infinity":17,"s:38:6:38:Infinity":18,"s:42:2:91:Infinity":19,"b:53:10:56:Infinity:56:12:56:Infinity":2,"f:70:14:70:25":2,"s:70:31:70:Infinity":20,"f:82:14:82:25":3,"s:82:31:82:Infinity":21,"b:87:26:87:55:87:55:87:Infinity":3},"fnNames":{}}}
,"D:\\El Kashif\\External Work\\El Forkan Institute\\frontend\\app\\src\\features\\auth\\ProtectedRoute.tsx": {"path":"D:\\El Kashif\\External Work\\El Forkan Institute\\frontend\\app\\src\\features\\auth\\ProtectedRoute.tsx","statementMap":{"0":{"start":{"line":15,"column":21},"end":{"line":15,"column":29}},"1":{"start":{"line":16,"column":19},"end":{"line":16,"column":31}},"2":{"start":{"line":17,"column":16},"end":{"line":17,"column":31}},"3":{"start":{"line":19,"column":2},"end":{"line":25,"column":null}},"4":{"start":{"line":20,"column":4},"end":{"line":23,"column":null}},"5":{"start":{"line":27,"column":2},"end":{"line":31,"column":null}},"6":{"start":{"line":30,"column":4},"end":{"line":30,"column":null}},"7":{"start":{"line":33,"column":2},"end":{"line":33,"column":null}}},"fnMap":{"0":{"name":"ProtectedRoute","decl":{"start":{"line":14,"column":16},"end":{"line":14,"column":33}},"loc":{"start":{"line":14,"column":33},"end":{"line":34,"column":null}},"line":14}},"branchMap":{"0":{"loc":{"start":{"line":19,"column":2},"end":{"line":25,"column":null}},"type":"if","locations":[{"start":{"line":19,"column":2},"end":{"line":25,"column":null}},{"start":{},"end":{}}],"line":19},"1":{"loc":{"start":{"line":27,"column":2},"end":{"line":31,"column":null}},"type":"if","locations":[{"start":{"line":27,"column":2},"end":{"line":31,"column":null}},{"start":{},"end":{}}],"line":27}},"s":{"0":11,"1":11,"2":11,"3":11,"4":4,"5":7,"6":4,"7":3},"f":{"0":11},"b":{"0":[4,7],"1":[4,3]},"meta":{"lastBranch":2,"lastFunction":1,"lastStatement":8,"seen":{"f:14:16:14:33":0,"s:15:21:15:29":0,"s:16:19:16:31":1,"s:17:16:17:31":2,"b:19:2:25:Infinity:undefined:undefined:undefined:undefined":0,"s:19:2:25:Infinity":3,"s:20:4:23:Infinity":4,"b:27:2:31:Infinity:undefined:undefined:undefined:undefined":1,"s:27:2:31:Infinity":5,"s:30:4:30:Infinity":6,"s:33:2:33:Infinity":7},"fnNames":{}}}
,"D:\\El Kashif\\External Work\\El Forkan Institute\\frontend\\app\\src\\features\\auth\\RequireRole.tsx": {"path":"D:\\El Kashif\\External Work\\El Forkan Institute\\frontend\\app\\src\\features\\auth\\RequireRole.tsx","statementMap":{"0":{"start":{"line":17,"column":19},"end":{"line":17,"column":27}},"1":{"start":{"line":18,"column":2},"end":{"line":18,"column":null}}},"fnMap":{"0":{"name":"RequireRole","decl":{"start":{"line":16,"column":16},"end":{"line":16,"column":28}},"loc":{"start":{"line":16,"column":56},"end":{"line":19,"column":null}},"line":16}},"branchMap":{"0":{"loc":{"start":{"line":18,"column":9},"end":{"line":18,"column":null}},"type":"cond-expr","locations":[{"start":{"line":18,"column":32},"end":{"line":18,"column":46}},{"start":{"line":18,"column":45},"end":{"line":18,"column":null}}],"line":18}},"s":{"0":1,"1":1},"f":{"0":1},"b":{"0":[0,1]},"meta":{"lastBranch":1,"lastFunction":1,"lastStatement":2,"seen":{"f:16:16:16:28":0,"s:17:19:17:27":0,"s:18:2:18:Infinity":1,"b:18:32:18:46:18:45:18:Infinity":0},"fnNames":{}}}
,"D:\\El Kashif\\External Work\\El Forkan Institute\\frontend\\app\\src\\features\\auth\\auth-context.ts": {"path":"D:\\El Kashif\\External Work\\El Forkan Institute\\frontend\\app\\src\\features\\auth\\auth-context.ts","statementMap":{"0":{"start":{"line":16,"column":27},"end":{"line":16,"column":null}},"1":{"start":{"line":19,"column":16},"end":{"line":19,"column":null}},"2":{"start":{"line":20,"column":2},"end":{"line":22,"column":null}},"3":{"start":{"line":21,"column":4},"end":{"line":21,"column":null}},"4":{"start":{"line":23,"column":2},"end":{"line":23,"column":null}}},"fnMap":{"0":{"name":"useAuth","decl":{"start":{"line":18,"column":16},"end":{"line":18,"column":44}},"loc":{"start":{"line":18,"column":44},"end":{"line":24,"column":null}},"line":18}},"branchMap":{"0":{"loc":{"start":{"line":20,"column":2},"end":{"line":22,"column":null}},"type":"if","locations":[{"start":{"line":20,"column":2},"end":{"line":22,"column":null}},{"start":{},"end":{}}],"line":20}},"s":{"0":1,"1":106,"2":106,"3":0,"4":106},"f":{"0":106},"b":{"0":[0,106]},"meta":{"lastBranch":1,"lastFunction":1,"lastStatement":5,"seen":{"s:16:27:16:Infinity":0,"f:18:16:18:44":0,"s:19:16:19:Infinity":1,"b:20:2:22:Infinity:undefined:undefined:undefined:undefined":0,"s:20:2:22:Infinity":2,"s:21:4:21:Infinity":3,"s:23:2:23:Infinity":4},"fnNames":{}}}
,"D:\\El Kashif\\External Work\\El Forkan Institute\\frontend\\app\\src\\features\\auth\\auth-error-message.ts": {"path":"D:\\El Kashif\\External Work\\El Forkan Institute\\frontend\\app\\src\\features\\auth\\auth-error-message.ts","statementMap":{"0":{"start":{"line":9,"column":2},"end":{"line":9,"column":null}}},"fnMap":{"0":{"name":"authErrorKey","decl":{"start":{"line":8,"column":16},"end":{"line":8,"column":29}},"loc":{"start":{"line":8,"column":53},"end":{"line":10,"column":null}},"line":8}},"branchMap":{"0":{"loc":{"start":{"line":9,"column":9},"end":{"line":9,"column":null}},"type":"cond-expr","locations":[{"start":{"line":9,"column":30},"end":{"line":9,"column":49}},{"start":{"line":9,"column":49},"end":{"line":9,"column":null}}],"line":9}},"s":{"0":1},"f":{"0":1},"b":{"0":[1,0]},"meta":{"lastBranch":1,"lastFunction":1,"lastStatement":1,"seen":{"f:8:16:8:29":0,"s:9:2:9:Infinity":0,"b:9:30:9:49:9:49:9:Infinity":0},"fnNames":{}}}
,"D:\\El Kashif\\External Work\\El Forkan Institute\\frontend\\app\\src\\features\\auth\\auth.errors.ts": {"path":"D:\\El Kashif\\External Work\\El Forkan Institute\\frontend\\app\\src\\features\\auth\\auth.errors.ts","statementMap":{"0":{"start":{"line":16,"column":4},"end":{"line":16,"column":null}},"1":{"start":{"line":17,"column":4},"end":{"line":17,"column":null}},"2":{"start":{"line":24,"column":24},"end":{"line":24,"column":null}},"3":{"start":{"line":26,"column":4},"end":{"line":26,"column":null}},"4":{"start":{"line":33,"column":24},"end":{"line":33,"column":null}},"5":{"start":{"line":35,"column":4},"end":{"line":35,"column":null}},"6":{"start":{"line":41,"column":24},"end":{"line":41,"column":null}},"7":{"start":{"line":43,"column":4},"end":{"line":43,"column":null}},"8":{"start":{"line":51,"column":24},"end":{"line":51,"column":null}},"9":{"start":{"line":53,"column":4},"end":{"line":53,"column":null}},"10":{"start":{"line":60,"column":24},"end":{"line":60,"column":null}},"11":{"start":{"line":62,"column":4},"end":{"line":62,"column":null}},"12":{"start":{"line":68,"column":24},"end":{"line":68,"column":null}},"13":{"start":{"line":70,"column":4},"end":{"line":70,"column":null}},"14":{"start":{"line":77,"column":24},"end":{"line":77,"column":null}},"15":{"start":{"line":79,"column":4},"end":{"line":79,"column":null}},"16":{"start":{"line":84,"column":2},"end":{"line":84,"column":null}}},"fnMap":{"0":{"name":"constructor","decl":{"start":{"line":15,"column":2},"end":{"line":15,"column":12}},"loc":{"start":{"line":15,"column":41},"end":{"line":18,"column":null}},"line":15},"1":{"name":"constructor_2","decl":{"start":{"line":25,"column":2},"end":{"line":25,"column":16}},"loc":{"start":{"line":25,"column":16},"end":{"line":27,"column":null}},"line":25},"2":{"name":"constructor_3","decl":{"start":{"line":34,"column":2},"end":{"line":34,"column":16}},"loc":{"start":{"line":34,"column":16},"end":{"line":36,"column":null}},"line":34},"3":{"name":"constructor_4","decl":{"start":{"line":42,"column":2},"end":{"line":42,"column":16}},"loc":{"start":{"line":42,"column":16},"end":{"line":44,"column":null}},"line":42},"4":{"name":"constructor_5","decl":{"start":{"line":52,"column":2},"end":{"line":52,"column":16}},"loc":{"start":{"line":52,"column":16},"end":{"line":54,"column":null}},"line":52},"5":{"name":"constructor_6","decl":{"start":{"line":61,"column":2},"end":{"line":61,"column":16}},"loc":{"start":{"line":61,"column":16},"end":{"line":63,"column":null}},"line":61},"6":{"name":"constructor_7","decl":{"start":{"line":69,"column":2},"end":{"line":69,"column":16}},"loc":{"start":{"line":69,"column":16},"end":{"line":71,"column":null}},"line":69},"7":{"name":"constructor_8","decl":{"start":{"line":78,"column":2},"end":{"line":78,"column":14}},"loc":{"start":{"line":78,"column":44},"end":{"line":80,"column":null}},"line":78},"8":{"name":"isAuthError","decl":{"start":{"line":83,"column":16},"end":{"line":83,"column":28}},"loc":{"start":{"line":83,"column":64},"end":{"line":85,"column":null}},"line":83}},"branchMap":{"0":{"loc":{"start":{"line":78,"column":14},"end":{"line":78,"column":44}},"type":"default-arg","locations":[{"start":{"line":78,"column":24},"end":{"line":78,"column":44}}],"line":78}},"s":{"0":18,"1":18,"2":1,"3":1,"4":1,"5":1,"6":1,"7":1,"8":2,"9":2,"10":8,"11":8,"12":3,"13":3,"14":2,"15":2,"16":1},"f":{"0":18,"1":1,"2":1,"3":1,"4":2,"5":8,"6":3,"7":2,"8":1},"b":{"0":[2]},"meta":{"lastBranch":1,"lastFunction":9,"lastStatement":17,"seen":{"f:15:2:15:12":0,"s:16:4:16:Infinity":0,"s:17:4:17:Infinity":1,"s:24:24:24:Infinity":2,"f:25:2:25:16":1,"s:26:4:26:Infinity":3,"s:33:24:33:Infinity":4,"f:34:2:34:16":2,"s:35:4:35:Infinity":5,"s:41:24:41:Infinity":6,"f:42:2:42:16":3,"s:43:4:43:Infinity":7,"s:51:24:51:Infinity":8,"f:52:2:52:16":4,"s:53:4:53:Infinity":9,"s:60:24:60:Infinity":10,"f:61:2:61:16":5,"s:62:4:62:Infinity":11,"s:68:24:68:Infinity":12,"f:69:2:69:16":6,"s:70:4:70:Infinity":13,"s:77:24:77:Infinity":14,"f:78:2:78:14":7,"b:78:24:78:44":0,"s:79:4:79:Infinity":15,"f:83:16:83:28":8,"s:84:2:84:Infinity":16},"fnNames":{}}}
,"D:\\El Kashif\\External Work\\El Forkan Institute\\frontend\\app\\src\\features\\auth\\auth.gateway.ts": {"path":"D:\\El Kashif\\External Work\\El Forkan Institute\\frontend\\app\\src\\features\\auth\\auth.gateway.ts","statementMap":{"0":{"start":{"line":17,"column":21},"end":{"line":17,"column":null}},"1":{"start":{"line":18,"column":20},"end":{"line":18,"column":null}},"2":{"start":{"line":35,"column":31},"end":{"line":35,"column":49}},"3":{"start":{"line":38,"column":4},"end":{"line":49,"column":null}},"4":{"start":{"line":39,"column":6},"end":{"line":48,"column":null}},"5":{"start":{"line":56,"column":4},"end":{"line":75,"column":null}},"6":{"start":{"line":57,"column":28},"end":{"line":63,"column":null}},"7":{"start":{"line":65,"column":30},"end":{"line":72,"column":null}},"8":{"start":{"line":74,"column":6},"end":{"line":74,"column":null}},"9":{"start":{"line":79,"column":4},"end":{"line":86,"column":null}},"10":{"start":{"line":80,"column":6},"end":{"line":85,"column":null}},"11":{"start":{"line":90,"column":4},"end":{"line":92,"column":null}},"12":{"start":{"line":91,"column":6},"end":{"line":91,"column":null}},"13":{"start":{"line":96,"column":4},"end":{"line":100,"column":null}},"14":{"start":{"line":97,"column":6},"end":{"line":97,"column":null}},"15":{"start":{"line":99,"column":6},"end":{"line":99,"column":null}},"16":{"start":{"line":118,"column":2},"end":{"line":118,"column":null}},"17":{"start":{"line":118,"column":44},"end":{"line":118,"column":null}},"18":{"start":{"line":119,"column":2},"end":{"line":121,"column":null}},"19":{"start":{"line":120,"column":4},"end":{"line":120,"column":null}},"20":{"start":{"line":123,"column":2},"end":{"line":143,"column":null}},"21":{"start":{"line":125,"column":6},"end":{"line":127,"column":null}},"22":{"start":{"line":129,"column":21},"end":{"line":129,"column":null}},"23":{"start":{"line":130,"column":6},"end":{"line":130,"column":null}},"24":{"start":{"line":130,"column":37},"end":{"line":130,"column":null}},"25":{"start":{"line":131,"column":6},"end":{"line":131,"column":null}},"26":{"start":{"line":131,"column":39},"end":{"line":131,"column":null}},"27":{"start":{"line":136,"column":6},"end":{"line":136,"column":null}},"28":{"start":{"line":136,"column":60},"end":{"line":136,"column":null}},"29":{"start":{"line":137,"column":6},"end":{"line":137,"column":null}},"30":{"start":{"line":140,"column":6},"end":{"line":140,"column":null}},"31":{"start":{"line":142,"column":6},"end":{"line":142,"column":null}}},"fnMap":{"0":{"name":"constructor","decl":{"start":{"line":35,"column":2},"end":{"line":35,"column":14}},"loc":{"start":{"line":35,"column":49},"end":{"line":35,"column":null}},"line":35},"1":{"name":"login","decl":{"start":{"line":37,"column":8},"end":{"line":37,"column":14}},"loc":{"start":{"line":37,"column":62},"end":{"line":50,"column":null}},"line":37},"2":{"name":"(anonymous_2)","decl":{"start":{"line":38,"column":28},"end":{"line":38,"column":null}},"loc":{"start":{"line":39,"column":6},"end":{"line":48,"column":null}},"line":39},"3":{"name":"refresh","decl":{"start":{"line":55,"column":8},"end":{"line":55,"column":35}},"loc":{"start":{"line":55,"column":35},"end":{"line":76,"column":null}},"line":55},"4":{"name":"(anonymous_4)","decl":{"start":{"line":56,"column":39},"end":{"line":56,"column":51}},"loc":{"start":{"line":56,"column":51},"end":{"line":75,"column":5}},"line":56},"5":{"name":"logout","decl":{"start":{"line":78,"column":8},"end":{"line":78,"column":32}},"loc":{"start":{"line":78,"column":32},"end":{"line":87,"column":null}},"line":78},"6":{"name":"(anonymous_6)","decl":{"start":{"line":79,"column":27},"end":{"line":79,"column":null}},"loc":{"start":{"line":80,"column":6},"end":{"line":85,"column":null}},"line":80},"7":{"name":"fetchCurrentUser","decl":{"start":{"line":89,"column":8},"end":{"line":89,"column":46}},"loc":{"start":{"line":89,"column":46},"end":{"line":93,"column":null}},"line":89},"8":{"name":"(anonymous_8)","decl":{"start":{"line":90,"column":28},"end":{"line":90,"column":null}},"loc":{"start":{"line":91,"column":6},"end":{"line":91,"column":null}},"line":91},"9":{"name":"translating","decl":{"start":{"line":95,"column":16},"end":{"line":95,"column":31}},"loc":{"start":{"line":95,"column":85},"end":{"line":101,"column":null}},"line":95},"10":{"name":"toAuthError","decl":{"start":{"line":117,"column":9},"end":{"line":117,"column":21}},"loc":{"start":{"line":117,"column":62},"end":{"line":144,"column":null}},"line":117}},"branchMap":{"0":{"loc":{"start":{"line":118,"column":2},"end":{"line":118,"column":null}},"type":"if","locations":[{"start":{"line":118,"column":2},"end":{"line":118,"column":null}},{"start":{},"end":{}}],"line":118},"1":{"loc":{"start":{"line":119,"column":2},"end":{"line":121,"column":null}},"type":"if","locations":[{"start":{"line":119,"column":2},"end":{"line":121,"column":null}},{"start":{},"end":{}}],"line":119},"2":{"loc":{"start":{"line":120,"column":11},"end":{"line":120,"column":null}},"type":"cond-expr","locations":[{"start":{"line":120,"column":36},"end":{"line":120,"column":44}},{"start":{"line":120,"column":44},"end":{"line":120,"column":null}}],"line":120},"3":{"loc":{"start":{"line":123,"column":2},"end":{"line":143,"column":null}},"type":"switch","locations":[{"start":{"line":124,"column":4},"end":{"line":127,"column":null}},{"start":{"line":128,"column":4},"end":{"line":138,"column":null}},{"start":{"line":139,"column":4},"end":{"line":140,"column":null}},{"start":{"line":141,"column":4},"end":{"line":142,"column":null}}],"line":123},"4":{"loc":{"start":{"line":125,"column":13},"end":{"line":127,"column":null}},"type":"cond-expr","locations":[{"start":{"line":126,"column":10},"end":{"line":126,"column":null}},{"start":{"line":127,"column":10},"end":{"line":127,"column":null}}],"line":125},"5":{"loc":{"start":{"line":130,"column":6},"end":{"line":130,"column":null}},"type":"if","locations":[{"start":{"line":130,"column":6},"end":{"line":130,"column":null}},{"start":{},"end":{}}],"line":130},"6":{"loc":{"start":{"line":131,"column":6},"end":{"line":131,"column":null}},"type":"if","locations":[{"start":{"line":131,"column":6},"end":{"line":131,"column":null}},{"start":{},"end":{}}],"line":131},"7":{"loc":{"start":{"line":136,"column":6},"end":{"line":136,"column":null}},"type":"if","locations":[{"start":{"line":136,"column":6},"end":{"line":136,"column":null}},{"start":{},"end":{}}],"line":136},"8":{"loc":{"start":{"line":136,"column":10},"end":{"line":136,"column":60}},"type":"binary-expr","locations":[{"start":{"line":136,"column":10},"end":{"line":136,"column":35}},{"start":{"line":136,"column":35},"end":{"line":136,"column":60}}],"line":136}},"s":{"0":3,"1":3,"2":22,"3":11,"4":11,"5":14,"6":14,"7":11,"8":5,"9":1,"10":1,"11":2,"12":2,"13":28,"14":28,"15":18,"16":18,"17":3,"18":15,"19":0,"20":15,"21":8,"22":5,"23":5,"24":1,"25":4,"26":1,"27":3,"28":1,"29":2,"30":2,"31":0},"f":{"0":22,"1":11,"2":11,"3":14,"4":14,"5":1,"6":1,"7":2,"8":2,"9":28,"10":18},"b":{"0":[3,15],"1":[0,15],"2":[0,0],"3":[8,5,2,0],"4":[1,7],"5":[1,4],"6":[1,3],"7":[1,2],"8":[3,1]},"meta":{"lastBranch":9,"lastFunction":11,"lastStatement":32,"seen":{"s:17:21:17:Infinity":0,"s:18:20:18:Infinity":1,"f:35:2:35:14":0,"s:35:31:35:49":2,"f:37:8:37:14":1,"s:38:4:49:Infinity":3,"f:38:28:38:Infinity":2,"s:39:6:48:Infinity":4,"f:55:8:55:35":3,"s:56:4:75:Infinity":5,"f:56:39:56:51":4,"s:57:28:63:Infinity":6,"s:65:30:72:Infinity":7,"s:74:6:74:Infinity":8,"f:78:8:78:32":5,"s:79:4:86:Infinity":9,"f:79:27:79:Infinity":6,"s:80:6:85:Infinity":10,"f:89:8:89:46":7,"s:90:4:92:Infinity":11,"f:90:28:90:Infinity":8,"s:91:6:91:Infinity":12,"f:95:16:95:31":9,"s:96:4:100:Infinity":13,"s:97:6:97:Infinity":14,"s:99:6:99:Infinity":15,"f:117:9:117:21":10,"b:118:2:118:Infinity:undefined:undefined:undefined:undefined":0,"s:118:2:118:Infinity":16,"s:118:44:118:Infinity":17,"b:119:2:121:Infinity:undefined:undefined:undefined:undefined":1,"s:119:2:121:Infinity":18,"s:120:4:120:Infinity":19,"b:120:36:120:44:120:44:120:Infinity":2,"b:124:4:127:Infinity:128:4:138:Infinity:139:4:140:Infinity:141:4:142:Infinity":3,"s:123:2:143:Infinity":20,"s:125:6:127:Infinity":21,"b:126:10:126:Infinity:127:10:127:Infinity":4,"s:129:21:129:Infinity":22,"b:130:6:130:Infinity:undefined:undefined:undefined:undefined":5,"s:130:6:130:Infinity":23,"s:130:37:130:Infinity":24,"b:131:6:131:Infinity:undefined:undefined:undefined:undefined":6,"s:131:6:131:Infinity":25,"s:131:39:131:Infinity":26,"b:136:6:136:Infinity:undefined:undefined:undefined:undefined":7,"s:136:6:136:Infinity":27,"b:136:10:136:35:136:35:136:60":8,"s:136:60:136:Infinity":28,"s:137:6:137:Infinity":29,"s:140:6:140:Infinity":30,"s:142:6:142:Infinity":31},"fnNames":{}}}
,"D:\\El Kashif\\External Work\\El Forkan Institute\\frontend\\app\\src\\features\\auth\\auth.model.ts": {"path":"D:\\El Kashif\\External Work\\El Forkan Institute\\frontend\\app\\src\\features\\auth\\auth.model.ts","statementMap":{},"fnMap":{},"branchMap":{},"s":{},"f":{},"b":{},"meta":{"lastBranch":0,"lastFunction":0,"lastStatement":0,"seen":{},"fnNames":{}}}
,"D:\\El Kashif\\External Work\\El Forkan Institute\\frontend\\app\\src\\features\\auth\\auth.ports.ts": {"path":"D:\\El Kashif\\External Work\\El Forkan Institute\\frontend\\app\\src\\features\\auth\\auth.ports.ts","statementMap":{},"fnMap":{},"branchMap":{},"s":{},"f":{},"b":{},"meta":{"lastBranch":0,"lastFunction":0,"lastStatement":0,"seen":{},"fnNames":{}}}
,"D:\\El Kashif\\External Work\\El Forkan Institute\\frontend\\app\\src\\features\\auth\\auth.service.ts": {"path":"D:\\El Kashif\\External Work\\El Forkan Institute\\frontend\\app\\src\\features\\auth\\auth.service.ts","statementMap":{"0":{"start":{"line":18,"column":52},"end":{"line":18,"column":null}},"1":{"start":{"line":21,"column":21},"end":{"line":21,"column":null}},"2":{"start":{"line":22,"column":21},"end":{"line":22,"column":null}},"3":{"start":{"line":26,"column":34},"end":{"line":26,"column":null}},"4":{"start":{"line":27,"column":4},"end":{"line":27,"column":null}},"5":{"start":{"line":28,"column":4},"end":{"line":28,"column":null}},"6":{"start":{"line":39,"column":4},"end":{"line":45,"column":null}},"7":{"start":{"line":40,"column":6},"end":{"line":40,"column":null}},"8":{"start":{"line":42,"column":6},"end":{"line":42,"column":null}},"9":{"start":{"line":43,"column":6},"end":{"line":43,"column":null}},"10":{"start":{"line":43,"column":48},"end":{"line":43,"column":null}},"11":{"start":{"line":44,"column":6},"end":{"line":44,"column":null}},"12":{"start":{"line":46,"column":4},"end":{"line":46,"column":null}},"13":{"start":{"line":52,"column":4},"end":{"line":60,"column":null}},"14":{"start":{"line":55,"column":8},"end":{"line":55,"column":null}},"15":{"start":{"line":56,"column":8},"end":{"line":56,"column":null}},"16":{"start":{"line":59,"column":8},"end":{"line":59,"column":null}},"17":{"start":{"line":62,"column":4},"end":{"line":62,"column":null}},"18":{"start":{"line":68,"column":4},"end":{"line":72,"column":null}},"19":{"start":{"line":69,"column":6},"end":{"line":69,"column":null}},"20":{"start":{"line":71,"column":6},"end":{"line":71,"column":null}},"21":{"start":{"line":76,"column":4},"end":{"line":76,"column":null}}},"fnMap":{"0":{"name":"constructor","decl":{"start":{"line":20,"column":2},"end":{"line":20,"column":null}},"loc":{"start":{"line":23,"column":4},"end":{"line":23,"column":null}},"line":23},"1":{"name":"signIn","decl":{"start":{"line":25,"column":8},"end":{"line":25,"column":15}},"loc":{"start":{"line":25,"column":60},"end":{"line":29,"column":null}},"line":25},"2":{"name":"restore","decl":{"start":{"line":38,"column":8},"end":{"line":38,"column":44}},"loc":{"start":{"line":38,"column":44},"end":{"line":47,"column":null}},"line":38},"3":{"name":"refreshAccessToken","decl":{"start":{"line":51,"column":2},"end":{"line":51,"column":40}},"loc":{"start":{"line":51,"column":40},"end":{"line":63,"column":null}},"line":51},"4":{"name":"(anonymous_4)","decl":{"start":{"line":54,"column":7},"end":{"line":54,"column":13}},"loc":{"start":{"line":54,"column":23},"end":{"line":57,"column":7}},"line":54},"5":{"name":"(anonymous_5)","decl":{"start":{"line":58,"column":7},"end":{"line":58,"column":21}},"loc":{"start":{"line":58,"column":21},"end":{"line":60,"column":7}},"line":58},"6":{"name":"signOut","decl":{"start":{"line":67,"column":8},"end":{"line":67,"column":33}},"loc":{"start":{"line":67,"column":33},"end":{"line":73,"column":null}},"line":67},"7":{"name":"getAccessToken","decl":{"start":{"line":75,"column":2},"end":{"line":75,"column":34}},"loc":{"start":{"line":75,"column":34},"end":{"line":77,"column":null}},"line":75}},"branchMap":{"0":{"loc":{"start":{"line":43,"column":6},"end":{"line":43,"column":null}},"type":"if","locations":[{"start":{"line":43,"column":6},"end":{"line":43,"column":null}},{"start":{},"end":{}}],"line":43}},"s":{"0":11,"1":11,"2":11,"3":5,"4":4,"5":4,"6":7,"7":7,"8":6,"9":6,"10":5,"11":1,"12":1,"13":11,"14":3,"15":3,"16":10,"17":11,"18":1,"19":1,"20":1,"21":0},"f":{"0":11,"1":5,"2":7,"3":11,"4":3,"5":10,"6":1,"7":0},"b":{"0":[5,1]},"meta":{"lastBranch":1,"lastFunction":8,"lastStatement":22,"seen":{"s:18:52:18:Infinity":0,"f:20:2:20:Infinity":0,"s:21:21:21:Infinity":1,"s:22:21:22:Infinity":2,"f:25:8:25:15":1,"s:26:34:26:Infinity":3,"s:27:4:27:Infinity":4,"s:28:4:28:Infinity":5,"f:38:8:38:44":2,"s:39:4:45:Infinity":6,"s:40:6:40:Infinity":7,"s:42:6:42:Infinity":8,"b:43:6:43:Infinity:undefined:undefined:undefined:undefined":0,"s:43:6:43:Infinity":9,"s:43:48:43:Infinity":10,"s:44:6:44:Infinity":11,"s:46:4:46:Infinity":12,"f:51:2:51:40":3,"s:52:4:60:Infinity":13,"f:54:7:54:13":4,"s:55:8:55:Infinity":14,"s:56:8:56:Infinity":15,"f:58:7:58:21":5,"s:59:8:59:Infinity":16,"s:62:4:62:Infinity":17,"f:67:8:67:33":6,"s:68:4:72:Infinity":18,"s:69:6:69:Infinity":19,"s:71:6:71:Infinity":20,"f:75:2:75:34":7,"s:76:4:76:Infinity":21},"fnNames":{}}}
,"D:\\El Kashif\\External Work\\El Forkan Institute\\frontend\\app\\src\\features\\auth\\index.ts": {"path":"D:\\El Kashif\\External Work\\El Forkan Institute\\frontend\\app\\src\\features\\auth\\index.ts","statementMap":{},"fnMap":{},"branchMap":{},"s":{},"f":{},"b":{},"meta":{"lastBranch":0,"lastFunction":0,"lastStatement":0,"seen":{},"fnNames":{}}}
,"D:\\El Kashif\\External Work\\El Forkan Institute\\frontend\\app\\src\\features\\auth\\memory-token.store.ts": {"path":"D:\\El Kashif\\External Work\\El Forkan Institute\\frontend\\app\\src\\features\\auth\\memory-token.store.ts","statementMap":{"0":{"start":{"line":11,"column":33},"end":{"line":11,"column":null}},"1":{"start":{"line":14,"column":4},"end":{"line":14,"column":null}},"2":{"start":{"line":18,"column":4},"end":{"line":18,"column":null}},"3":{"start":{"line":22,"column":4},"end":{"line":22,"column":null}}},"fnMap":{"0":{"name":"get","decl":{"start":{"line":13,"column":2},"end":{"line":13,"column":23}},"loc":{"start":{"line":13,"column":23},"end":{"line":15,"column":null}},"line":13},"1":{"name":"set","decl":{"start":{"line":17,"column":2},"end":{"line":17,"column":6}},"loc":{"start":{"line":17,"column":27},"end":{"line":19,"column":null}},"line":17},"2":{"name":"clear","decl":{"start":{"line":21,"column":2},"end":{"line":21,"column":16}},"loc":{"start":{"line":21,"column":16},"end":{"line":23,"column":null}},"line":21}},"branchMap":{},"s":{"0":11,"1":5,"2":8,"3":7},"f":{"0":5,"1":8,"2":7},"b":{},"meta":{"lastBranch":0,"lastFunction":3,"lastStatement":4,"seen":{"s:11:33:11:Infinity":0,"f:13:2:13:23":0,"s:14:4:14:Infinity":1,"f:17:2:17:6":1,"s:18:4:18:Infinity":2,"f:21:2:21:16":2,"s:22:4:22:Infinity":3},"fnNames":{}}}
,"D:\\El Kashif\\External Work\\El Forkan Institute\\frontend\\app\\src\\shared\\di\\DiProvider.tsx": {"path":"D:\\El Kashif\\External Work\\El Forkan Institute\\frontend\\app\\src\\shared\\di\\DiProvider.tsx","statementMap":{"0":{"start":{"line":6,"column":18},"end":{"line":6,"column":null}},"1":{"start":{"line":15,"column":2},"end":{"line":15,"column":null}},"2":{"start":{"line":19,"column":20},"end":{"line":19,"column":null}},"3":{"start":{"line":20,"column":2},"end":{"line":22,"column":null}},"4":{"start":{"line":21,"column":4},"end":{"line":21,"column":null}},"5":{"start":{"line":23,"column":2},"end":{"line":23,"column":null}}},"fnMap":{"0":{"name":"DiProvider","decl":{"start":{"line":8,"column":16},"end":{"line":8,"column":27}},"loc":{"start":{"line":14,"column":3},"end":{"line":16,"column":null}},"line":14},"1":{"name":"useContainer","decl":{"start":{"line":18,"column":16},"end":{"line":18,"column":45}},"loc":{"start":{"line":18,"column":45},"end":{"line":24,"column":null}},"line":18}},"branchMap":{"0":{"loc":{"start":{"line":20,"column":2},"end":{"line":22,"column":null}},"type":"if","locations":[{"start":{"line":20,"column":2},"end":{"line":22,"column":null}},{"start":{},"end":{}}],"line":20}},"s":{"0":1,"1":4,"2":11,"3":11,"4":0,"5":11},"f":{"0":4,"1":11},"b":{"0":[0,11]},"meta":{"lastBranch":1,"lastFunction":2,"lastStatement":6,"seen":{"s:6:18:6:Infinity":0,"f:8:16:8:27":0,"s:15:2:15:Infinity":1,"f:18:16:18:45":1,"s:19:20:19:Infinity":2,"b:20:2:22:Infinity:undefined:undefined:undefined:undefined":0,"s:20:2:22:Infinity":3,"s:21:4:21:Infinity":4,"s:23:2:23:Infinity":5},"fnNames":{}}}
,"D:\\El Kashif\\External Work\\El Forkan Institute\\frontend\\app\\src\\shared\\di\\container.ts": {"path":"D:\\El Kashif\\External Work\\El Forkan Institute\\frontend\\app\\src\\shared\\di\\container.ts","statementMap":{"0":{"start":{"line":28,"column":17},"end":{"line":28,"column":null}},"1":{"start":{"line":35,"column":15},"end":{"line":38,"column":null}},"2":{"start":{"line":37,"column":25},"end":{"line":37,"column":null}},"3":{"start":{"line":40,"column":2},"end":{"line":40,"column":null}},"4":{"start":{"line":42,"column":2},"end":{"line":42,"column":null}}},"fnMap":{"0":{"name":"createContainer","decl":{"start":{"line":27,"column":16},"end":{"line":27,"column":32}},"loc":{"start":{"line":27,"column":77},"end":{"line":43,"column":null}},"line":27},"1":{"name":"(anonymous_1)","decl":{"start":{"line":37,"column":4},"end":{"line":37,"column":25}},"loc":{"start":{"line":37,"column":25},"end":{"line":37,"column":null}},"line":37}},"branchMap":{"0":{"loc":{"start":{"line":37,"column":25},"end":{"line":37,"column":null}},"type":"binary-expr","locations":[{"start":{"line":37,"column":25},"end":{"line":37,"column":33}},{"start":{"line":37,"column":33},"end":{"line":37,"column":null}}],"line":37}},"s":{"0":0,"1":0,"2":0,"3":0,"4":0},"f":{"0":0,"1":0},"b":{"0":[0,0]},"meta":{"lastBranch":1,"lastFunction":2,"lastStatement":5,"seen":{"f:27:16:27:32":0,"s:28:17:28:Infinity":0,"s:35:15:38:Infinity":1,"f:37:4:37:25":1,"s:37:25:37:Infinity":2,"b:37:25:37:33:37:33:37:Infinity":0,"s:40:2:40:Infinity":3,"s:42:2:42:Infinity":4},"fnNames":{}}}
,"D:\\El Kashif\\External Work\\El Forkan Institute\\frontend\\app\\src\\shared\\http\\fetch-http-client.ts": {"path":"D:\\El Kashif\\External Work\\El Forkan Institute\\frontend\\app\\src\\shared\\http\\fetch-http-client.ts","statementMap":{"0":{"start":{"line":19,"column":31},"end":{"line":19,"column":64}},"1":{"start":{"line":22,"column":21},"end":{"line":22,"column":null}},"2":{"start":{"line":24,"column":4},"end":{"line":27,"column":null}},"3":{"start":{"line":25,"column":23},"end":{"line":25,"column":null}},"4":{"start":{"line":26,"column":6},"end":{"line":26,"column":null}},"5":{"start":{"line":26,"column":20},"end":{"line":26,"column":null}},"6":{"start":{"line":29,"column":4},"end":{"line":29,"column":null}},"7":{"start":{"line":33,"column":44},"end":{"line":33,"column":null}},"8":{"start":{"line":35,"column":4},"end":{"line":37,"column":null}},"9":{"start":{"line":36,"column":6},"end":{"line":36,"column":null}},"10":{"start":{"line":39,"column":4},"end":{"line":42,"column":null}},"11":{"start":{"line":40,"column":20},"end":{"line":40,"column":null}},"12":{"start":{"line":41,"column":6},"end":{"line":41,"column":null}},"13":{"start":{"line":41,"column":17},"end":{"line":41,"column":null}},"14":{"start":{"line":44,"column":4},"end":{"line":53,"column":null}},"15":{"start":{"line":45,"column":6},"end":{"line":50,"column":null}},"16":{"start":{"line":52,"column":6},"end":{"line":52,"column":null}},"17":{"start":{"line":60,"column":21},"end":{"line":60,"column":null}},"18":{"start":{"line":61,"column":4},"end":{"line":61,"column":null}},"19":{"start":{"line":61,"column":19},"end":{"line":61,"column":null}},"20":{"start":{"line":63,"column":4},"end":{"line":67,"column":null}},"21":{"start":{"line":64,"column":6},"end":{"line":64,"column":null}},"22":{"start":{"line":66,"column":6},"end":{"line":66,"column":null}},"23":{"start":{"line":69,"column":4},"end":{"line":69,"column":null}},"24":{"start":{"line":76,"column":4},"end":{"line":80,"column":null}},"25":{"start":{"line":77,"column":6},"end":{"line":77,"column":null}},"26":{"start":{"line":79,"column":6},"end":{"line":79,"column":null}},"27":{"start":{"line":82,"column":4},"end":{"line":86,"column":null}},"28":{"start":{"line":85,"column":6},"end":{"line":85,"column":null}},"29":{"start":{"line":89,"column":4},"end":{"line":89,"column":null}},"30":{"start":{"line":89,"column":15},"end":{"line":89,"column":null}},"31":{"start":{"line":93,"column":4},"end":{"line":93,"column":null}},"32":{"start":{"line":98,"column":2},"end":{"line":98,"column":null}},"33":{"start":{"line":98,"column":13},"end":{"line":98,"column":null}},"34":{"start":{"line":99,"column":2},"end":{"line":103,"column":null}},"35":{"start":{"line":100,"column":4},"end":{"line":100,"column":null}},"36":{"start":{"line":102,"column":4},"end":{"line":102,"column":null}}},"fnMap":{"0":{"name":"constructor","decl":{"start":{"line":19,"column":2},"end":{"line":19,"column":14}},"loc":{"start":{"line":19,"column":64},"end":{"line":19,"column":null}},"line":19},"1":{"name":"request","decl":{"start":{"line":21,"column":8},"end":{"line":21,"column":19}},"loc":{"start":{"line":21,"column":53},"end":{"line":30,"column":null}},"line":21},"2":{"name":"send","decl":{"start":{"line":32,"column":16},"end":{"line":32,"column":21}},"loc":{"start":{"line":32,"column":62},"end":{"line":54,"column":null}},"line":32},"3":{"name":"refreshAndReplay","decl":{"start":{"line":59,"column":16},"end":{"line":59,"column":33}},"loc":{"start":{"line":59,"column":81},"end":{"line":70,"column":null}},"line":59},"4":{"name":"parse","decl":{"start":{"line":72,"column":16},"end":{"line":72,"column":25}},"loc":{"start":{"line":72,"column":57},"end":{"line":94,"column":null}},"line":72},"5":{"name":"parseJson","decl":{"start":{"line":97,"column":9},"end":{"line":97,"column":22}},"loc":{"start":{"line":97,"column":46},"end":{"line":104,"column":null}},"line":97}},"branchMap":{"0":{"loc":{"start":{"line":24,"column":4},"end":{"line":27,"column":null}},"type":"if","locations":[{"start":{"line":24,"column":4},"end":{"line":27,"column":null}},{"start":{},"end":{}}],"line":24},"1":{"loc":{"start":{"line":24,"column":8},"end":{"line":24,"column":75}},"type":"binary-expr","locations":[{"start":{"line":24,"column":8},"end":{"line":24,"column":35}},{"start":{"line":24,"column":35},"end":{"line":24,"column":55}},{"start":{"line":24,"column":55},"end":{"line":24,"column":75}}],"line":24},"2":{"loc":{"start":{"line":26,"column":6},"end":{"line":26,"column":null}},"type":"if","locations":[{"start":{"line":26,"column":6},"end":{"line":26,"column":null}},{"start":{},"end":{}}],"line":26},"3":{"loc":{"start":{"line":35,"column":4},"end":{"line":37,"column":null}},"type":"if","locations":[{"start":{"line":35,"column":4},"end":{"line":37,"column":null}},{"start":{},"end":{}}],"line":35},"4":{"loc":{"start":{"line":39,"column":4},"end":{"line":42,"column":null}},"type":"if","locations":[{"start":{"line":39,"column":4},"end":{"line":42,"column":null}},{"start":{},"end":{}}],"line":39},"5":{"loc":{"start":{"line":41,"column":6},"end":{"line":41,"column":null}},"type":"if","locations":[{"start":{"line":41,"column":6},"end":{"line":41,"column":null}},{"start":{},"end":{}}],"line":41},"6":{"loc":{"start":{"line":48,"column":14},"end":{"line":48,"column":null}},"type":"cond-expr","locations":[{"start":{"line":48,"column":43},"end":{"line":48,"column":55}},{"start":{"line":48,"column":55},"end":{"line":48,"column":null}}],"line":48},"7":{"loc":{"start":{"line":49,"column":21},"end":{"line":49,"column":null}},"type":"cond-expr","locations":[{"start":{"line":49,"column":47},"end":{"line":49,"column":59}},{"start":{"line":49,"column":59},"end":{"line":49,"column":null}}],"line":49},"8":{"loc":{"start":{"line":61,"column":4},"end":{"line":61,"column":null}},"type":"if","locations":[{"start":{"line":61,"column":4},"end":{"line":61,"column":null}},{"start":{},"end":{}}],"line":61},"9":{"loc":{"start":{"line":82,"column":4},"end":{"line":86,"column":null}},"type":"if","locations":[{"start":{"line":82,"column":4},"end":{"line":86,"column":null}},{"start":{},"end":{}}],"line":82},"10":{"loc":{"start":{"line":89,"column":4},"end":{"line":89,"column":null}},"type":"if","locations":[{"start":{"line":89,"column":4},"end":{"line":89,"column":null}},{"start":{},"end":{}}],"line":89},"11":{"loc":{"start":{"line":98,"column":2},"end":{"line":98,"column":null}},"type":"if","locations":[{"start":{"line":98,"column":2},"end":{"line":98,"column":null}},{"start":{},"end":{}}],"line":98}},"s":{"0":8,"1":8,"2":7,"3":2,"4":2,"5":1,"6":6,"7":9,"8":9,"9":0,"10":9,"11":8,"12":8,"13":5,"14":9,"15":9,"16":1,"17":2,"18":2,"19":0,"20":2,"21":2,"22":1,"23":1,"24":7,"25":7,"26":0,"27":7,"28":3,"29":4,"30":1,"31":3,"32":3,"33":0,"34":3,"35":3,"36":1},"f":{"0":8,"1":8,"2":9,"3":2,"4":7,"5":3},"b":{"0":[2,5],"1":[7,3,2],"2":[1,1],"3":[0,9],"4":[8,1],"5":[5,3],"6":[9,0],"7":[0,9],"8":[0,2],"9":[3,4],"10":[1,3],"11":[0,3]},"meta":{"lastBranch":12,"lastFunction":6,"lastStatement":37,"seen":{"f:19:2:19:14":0,"s:19:31:19:64":0,"f:21:8:21:19":1,"s:22:21:22:Infinity":1,"b:24:4:27:Infinity:undefined:undefined:undefined:undefined":0,"s:24:4:27:Infinity":2,"b:24:8:24:35:24:35:24:55:24:55:24:75":1,"s:25:23:25:Infinity":3,"b:26:6:26:Infinity:undefined:undefined:undefined:undefined":2,"s:26:6:26:Infinity":4,"s:26:20:26:Infinity":5,"s:29:4:29:Infinity":6,"f:32:16:32:21":2,"s:33:44:33:Infinity":7,"b:35:4:37:Infinity:undefined:undefined:undefined:undefined":3,"s:35:4:37:Infinity":8,"s:36:6:36:Infinity":9,"b:39:4:42:Infinity:undefined:undefined:undefined:undefined":4,"s:39:4:42:Infinity":10,"s:40:20:40:Infinity":11,"b:41:6:41:Infinity:undefined:undefined:undefined:undefined":5,"s:41:6:41:Infinity":12,"s:41:17:41:Infinity":13,"s:44:4:53:Infinity":14,"s:45:6:50:Infinity":15,"b:48:43:48:55:48:55:48:Infinity":6,"b:49:47:49:59:49:59:49:Infinity":7,"s:52:6:52:Infinity":16,"f:59:16:59:33":3,"s:60:21:60:Infinity":17,"b:61:4:61:Infinity:undefined:undefined:undefined:undefined":8,"s:61:4:61:Infinity":18,"s:61:19:61:Infinity":19,"s:63:4:67:Infinity":20,"s:64:6:64:Infinity":21,"s:66:6:66:Infinity":22,"s:69:4:69:Infinity":23,"f:72:16:72:25":4,"s:76:4:80:Infinity":24,"s:77:6:77:Infinity":25,"s:79:6:79:Infinity":26,"b:82:4:86:Infinity:undefined:undefined:undefined:undefined":9,"s:82:4:86:Infinity":27,"s:85:6:85:Infinity":28,"b:89:4:89:Infinity:undefined:undefined:undefined:undefined":10,"s:89:4:89:Infinity":29,"s:89:15:89:Infinity":30,"s:93:4:93:Infinity":31,"f:97:9:97:22":5,"b:98:2:98:Infinity:undefined:undefined:undefined:undefined":11,"s:98:2:98:Infinity":32,"s:98:13:98:Infinity":33,"s:99:2:103:Infinity":34,"s:100:4:100:Infinity":35,"s:102:4:102:Infinity":36},"fnNames":{}}}
,"D:\\El Kashif\\External Work\\El Forkan Institute\\frontend\\app\\src\\shared\\http\\http.errors.ts": {"path":"D:\\El Kashif\\External Work\\El Forkan Institute\\frontend\\app\\src\\shared\\http\\http.errors.ts","statementMap":{"0":{"start":{"line":22,"column":4},"end":{"line":22,"column":null}},"1":{"start":{"line":19,"column":13},"end":{"line":19,"column":null}},"2":{"start":{"line":20,"column":13},"end":{"line":20,"column":null}},"3":{"start":{"line":23,"column":4},"end":{"line":23,"column":null}},"4":{"start":{"line":30,"column":20},"end":{"line":30,"column":null}},"5":{"start":{"line":31,"column":4},"end":{"line":31,"column":null}},"6":{"start":{"line":31,"column":32},"end":{"line":31,"column":null}},"7":{"start":{"line":32,"column":4},"end":{"line":32,"column":null}},"8":{"start":{"line":39,"column":4},"end":{"line":39,"column":null}},"9":{"start":{"line":40,"column":4},"end":{"line":40,"column":null}},"10":{"start":{"line":41,"column":4},"end":{"line":41,"column":null}}},"fnMap":{"0":{"name":"constructor","decl":{"start":{"line":18,"column":2},"end":{"line":18,"column":null}},"loc":{"start":{"line":21,"column":4},"end":{"line":24,"column":null}},"line":21},"1":{"name":"detail","decl":{"start":{"line":29,"column":6},"end":{"line":29,"column":23}},"loc":{"start":{"line":29,"column":23},"end":{"line":33,"column":null}},"line":29},"2":{"name":"constructor_2","decl":{"start":{"line":38,"column":2},"end":{"line":38,"column":14}},"loc":{"start":{"line":38,"column":31},"end":{"line":42,"column":null}},"line":38}},"branchMap":{"0":{"loc":{"start":{"line":31,"column":4},"end":{"line":31,"column":null}},"type":"if","locations":[{"start":{"line":31,"column":4},"end":{"line":31,"column":null}},{"start":{},"end":{}}],"line":31},"1":{"loc":{"start":{"line":32,"column":11},"end":{"line":32,"column":null}},"type":"binary-expr","locations":[{"start":{"line":32,"column":11},"end":{"line":32,"column":22}},{"start":{"line":32,"column":22},"end":{"line":32,"column":42}},{"start":{"line":32,"column":42},"end":{"line":32,"column":null}}],"line":32}},"s":{"0":18,"1":18,"2":18,"3":18,"4":7,"5":7,"6":0,"7":7,"8":4,"9":4,"10":4},"f":{"0":18,"1":7,"2":4},"b":{"0":[0,7],"1":[7,0,0]},"meta":{"lastBranch":2,"lastFunction":3,"lastStatement":11,"seen":{"f:18:2:18:Infinity":0,"s:22:4:22:Infinity":0,"s:19:13:19:Infinity":1,"s:20:13:20:Infinity":2,"s:23:4:23:Infinity":3,"f:29:6:29:23":1,"s:30:20:30:Infinity":4,"b:31:4:31:Infinity:undefined:undefined:undefined:undefined":0,"s:31:4:31:Infinity":5,"s:31:32:31:Infinity":6,"s:32:4:32:Infinity":7,"b:32:11:32:22:32:22:32:42:32:42:32:Infinity":1,"f:38:2:38:14":2,"s:39:4:39:Infinity":8,"s:40:4:40:Infinity":9,"s:41:4:41:Infinity":10},"fnNames":{}}}
,"D:\\El Kashif\\External Work\\El Forkan Institute\\frontend\\app\\src\\shared\\http\\http.port.ts": {"path":"D:\\El Kashif\\External Work\\El Forkan Institute\\frontend\\app\\src\\shared\\http\\http.port.ts","statementMap":{},"fnMap":{},"branchMap":{},"s":{},"f":{},"b":{},"meta":{"lastBranch":0,"lastFunction":0,"lastStatement":0,"seen":{},"fnNames":{}}}
,"D:\\El Kashif\\External Work\\El Forkan Institute\\frontend\\app\\src\\shared\\i18n\\ar.json": {"path":"D:\\El Kashif\\External Work\\El Forkan Institute\\frontend\\app\\src\\shared\\i18n\\ar.json","statementMap":{"0":{"start":{"line":1,"column":19},"end":{"line":1,"column":73}},"1":{"start":{"line":2,"column":22},"end":{"line":2,"column":73}},"2":{"start":{"line":3,"column":20},"end":{"line":3,"column":843}},"3":{"start":{"line":4,"column":19},"end":{"line":4,"column":248}},"4":{"start":{"line":5,"column":27},"end":{"line":5,"column":112}},"5":{"start":{"line":6,"column":25},"end":{"line":6,"column":193}}},"fnMap":{},"branchMap":{},"s":{"0":1,"1":1,"2":1,"3":1,"4":1,"5":1},"f":{},"b":{},"meta":{"lastBranch":0,"lastFunction":0,"lastStatement":6,"seen":{"s:1:19:1:73":0,"s:2:22:2:73":1,"s:3:20:3:843":2,"s:4:19:4:248":3,"s:5:27:5:112":4,"s:6:25:6:193":5},"fnNames":{}}}
,"D:\\El Kashif\\External Work\\El Forkan Institute\\frontend\\app\\src\\shared\\i18n\\index.ts": {"path":"D:\\El Kashif\\External Work\\El Forkan Institute\\frontend\\app\\src\\shared\\i18n\\index.ts","statementMap":{"0":{"start":{"line":20,"column":30},"end":{"line":20,"column":null}},"1":{"start":{"line":22,"column":0},"end":{"line":30,"column":null}}},"fnMap":{},"branchMap":{},"s":{"0":1,"1":1},"f":{},"b":{},"meta":{"lastBranch":0,"lastFunction":0,"lastStatement":2,"seen":{"s:20:30:20:Infinity":0,"s:22:0:30:Infinity":1},"fnNames":{}}}
}
